<?xml version="1.0" encoding="UTF-8"?>
<!-- Generated by org.testng.reporters.JUnitXMLReporter -->
<testsuite hostname="agus" ignored="6" name="Command line test" tests="1" failures="1" timestamp="2022-04-21T15:03:13 ART" time="0.468" errors="0">
  <testcase name="getAllusers" time="0.418" classname="tests.restPruebas">
    <failure type="java.lang.NoSuchMethodError" message="io.restassured.common.mapper.resolver.ObjectMapperResolver.isJakartaEEInClassPath()Z">
      <![CDATA[java.lang.NoSuchMethodError: io.restassured.common.mapper.resolver.ObjectMapperResolver.isJakartaEEInClassPath()Z
at io.restassured.config.ObjectMapperConfig.newJakartaEEObjectMapperFactoryOrNullIfNotInClasspath(ObjectMapperConfig.java:265)
at io.restassured.config.ObjectMapperConfig.<init>(ObjectMapperConfig.java:60)
at io.restassured.config.RestAssuredConfig.<init>(RestAssuredConfig.java:41)
at io.restassured.RestAssured.<clinit>(RestAssured.java:422)
at tests.restPruebas.getAllusers(restPruebas.java:129)
at java.util.ArrayList.forEach(ArrayList.java:1259)
... Removed 36 stack frames]]>
    </failure>
  </testcase> <!-- getAllusers -->
  <testcase name="getAllUsersTests" time="0.0" classname="tests.restPruebas">
    <ignored/>
  </testcase> <!-- getAllUsersTests -->
  <testcase name="deleteUserTest" time="0.0" classname="tests.restPruebas">
    <ignored/>
  </testcase> <!-- deleteUserTest -->
  <testcase name="putUserTest" time="0.0" classname="tests.restPruebas">
    <ignored/>
  </testcase> <!-- putUserTest -->
  <testcase name="loginTest" time="0.0" classname="tests.restPruebas">
    <ignored/>
  </testcase> <!-- loginTest -->
  <testcase name="listSingleUser" time="0.0" classname="tests.restPruebas">
    <ignored/>
  </testcase> <!-- listSingleUser -->
  <testcase name="pathUserTest" time="0.0" classname="tests.restPruebas">
    <ignored/>
  </testcase> <!-- pathUserTest -->
</testsuite> <!-- Command line test -->
