<?xml version="1.0" encoding="UTF-8" ?>
<testsuite tests="1" failures="1" name="tests.restPruebas" time="0.422" errors="0" skipped="0">
  <properties>
[...]
</properties>
  <testcase classname="tests.restPruebas" name="getAllusers" time="0.422">
    <failure message="io.restassured.common.mapper.resolver.ObjectMapperResolver.isJakartaEEInClassPath()Z" type="java.lang.NoSuchMethodError">java.lang.NoSuchMethodError: io.restassured.common.mapper.resolver.ObjectMapperResolver.isJakartaEEInClassPath()Z
	at io.restassured.config.ObjectMapperConfig.newJakartaEEObjectMapperFactoryOrNullIfNotInClasspath(ObjectMapperConfig.java:265)
	at io.restassured.config.ObjectMapperConfig.&lt;init&gt;(ObjectMapperConfig.java:60)
	at io.restassured.config.RestAssuredConfig.&lt;init&gt;(RestAssuredConfig.java:41)
	at io.restassured.RestAssured.&lt;clinit&gt;(RestAssured.java:422)
	at tests.restPruebas.getAllusers(restPruebas.java:129)
</failure>
    <system-out>Configuring TestNG with: org.apache.maven.surefire.testng.conf.TestNG652Configurator@2d6d8735
</system-out>
    <system-err>SLF4J: Failed to load class &quot;org.slf4j.impl.StaticLoggerBinder&quot;.
SLF4J: Defaulting to no-operation (NOP) logger implementation
SLF4J: See http://www.slf4j.org/codes.html#StaticLoggerBinder for further details.
</system-err>
  </testcase>
</testsuite>