-------------------------------------------------------------------------------
Test set: tests.restPruebas
-------------------------------------------------------------------------------
Tests run: 1, Failures: 1, Errors: 0, Skipped: 0, Time elapsed: 1.136 sec <<< FAILURE!
getAllusers(tests.restPruebas)  Time elapsed: 0.422 sec  <<< FAILURE!
java.lang.NoSuchMethodError: io.restassured.common.mapper.resolver.ObjectMapperResolver.isJakartaEEInClassPath()Z
	at io.restassured.config.ObjectMapperConfig.newJakartaEEObjectMapperFactoryOrNullIfNotInClasspath(ObjectMapperConfig.java:265)
	at io.restassured.config.ObjectMapperConfig.<init>(ObjectMapperConfig.java:60)
	at io.restassured.config.RestAssuredConfig.<init>(RestAssuredConfig.java:41)
	at io.restassured.RestAssured.<clinit>(RestAssured.java:422)
	at tests.restPruebas.getAllusers(restPruebas.java:129)

