<?xml version="1.0" encoding="UTF-8"?>
<testng-results ignored="0" total="1" passed="1" failed="0" skipped="0">
  <reporter-output>
  </reporter-output>
  <suite started-at="2022-04-21T09:16:00 ART" name="Default suite" finished-at="2022-04-21T09:16:03 ART" duration-ms="2968">
    <groups>
    </groups>
    <test started-at="2022-04-21T09:16:00 ART" name="Default test" finished-at="2022-04-21T09:16:03 ART" duration-ms="2968">
      <class name="tests.restPruebas">
        <test-method signature="loginTest()[pri:0, instance:tests.restPruebas@5276e6b0]" started-at="2022-04-21T09:16:00 ART" name="loginTest" finished-at="2022-04-21T09:16:03 ART" duration-ms="2910" status="PASS">
          <reporter-output>
          </reporter-output>
        </test-method> <!-- loginTest -->
      </class> <!-- tests.restPruebas -->
    </test> <!-- Default test -->
  </suite> <!-- Default suite -->
</testng-results>
